Build started 10/26/2012 6:20:42 PM.
     1>Project "\\warehouse.cec.wustl.edu\home\links\jfn1\my documents\visual studio 2010\Projects\ScrabbleSolitaire\ScrabbleSolitaire\ScrabbleSolitaire.vcxproj" on node 2 (build target(s)).
     1>InitializeBuildStatus:
         Creating "Debug\ScrabbleSolitaire.unsuccessfulbuild" because "AlwaysCreate" was specified.
       ClCompile:
         All outputs are up-to-date.
         c:\Program Files (x86)\Microsoft Visual Studio 10.0\VC\bin\CL.exe /c /ZI /nologo /W3 /WX- /Od /Oy- /D WIN32 /D _DEBUG /D _CONSOLE /D _UNICODE /D UNICODE /Gm /EHsc /RTC1 /MDd /GS /fp:precise /Zc:wchar_t /Zc:forScope /Yu"StdAfx.h" /Fp"Debug\ScrabbleSolitaire.pch" /Fo"Debug\\" /Fd"Debug\vc100.pdb" /Gd /TP /analyze- /errorReport:prompt GameBoard.cpp ScrabbleSolitaire.cpp
         ScrabbleSolitaire.cpp
         GameBoard.cpp
         Generating Code...
       ManifestResourceCompile:
         All outputs are up-to-date.
       Link:
         c:\Program Files (x86)\Microsoft Visual Studio 10.0\VC\bin\link.exe /ERRORREPORT:PROMPT /OUT:"\\warehouse.cec.wustl.edu\home\links\jfn1\my documents\visual studio 2010\Projects\ScrabbleSolitaire\Debug\ScrabbleSolitaire.exe" /INCREMENTAL /NOLOGO kernel32.lib user32.lib gdi32.lib winspool.lib comdlg32.lib advapi32.lib shell32.lib ole32.lib oleaut32.lib uuid.lib odbc32.lib odbccp32.lib /MANIFEST /ManifestFile:"Debug\ScrabbleSolitaire.exe.intermediate.manifest" /MANIFESTUAC:"level='asInvoker' uiAccess='false'" /DEBUG /PDB:"\\warehouse.cec.wustl.edu\home\links\jfn1\my documents\visual studio 2010\Projects\ScrabbleSolitaire\Debug\ScrabbleSolitaire.pdb" /SUBSYSTEM:CONSOLE /TLBID:1 /DYNAMICBASE /NXCOMPAT /IMPLIB:"\\warehouse.cec.wustl.edu\home\links\jfn1\my documents\visual studio 2010\Projects\ScrabbleSolitaire\Debug\ScrabbleSolitaire.lib" /MACHINE:X86 Debug\ScrabbleSolitaire.exe.embed.manifest.res
         Debug\Argument.obj
         Debug\Dictionary.obj
         Debug\GameBoard.obj
         Debug\LetterTile.obj
         Debug\LetterTileCollection.obj
         Debug\LetterTileDefinition.obj
         Debug\LetterTileDefinitionCollection.obj
         Debug\Scrabble.obj
         Debug\ScrabbleSolitaire.obj
         Debug\stdafx.obj
         Debug\WordCollection.obj
       Manifest:
         C:\Program Files (x86)\Microsoft SDKs\Windows\v7.0A\bin\mt.exe /nologo /verbose /out:"Debug\ScrabbleSolitaire.exe.embed.manifest" /manifest Debug\ScrabbleSolitaire.exe.intermediate.manifest
         All outputs are up-to-date.
       LinkEmbedManifest:
         All outputs are up-to-date.
         ScrabbleSolitaire.vcxproj -> \\warehouse.cec.wustl.edu\home\links\jfn1\my documents\visual studio 2010\Projects\ScrabbleSolitaire\Debug\ScrabbleSolitaire.exe
       FinalizeBuildStatus:
         Deleting file "Debug\ScrabbleSolitaire.unsuccessfulbuild".
         Touching "Debug\ScrabbleSolitaire.lastbuildstate".
     1>Done Building Project "\\warehouse.cec.wustl.edu\home\links\jfn1\my documents\visual studio 2010\Projects\ScrabbleSolitaire\ScrabbleSolitaire\ScrabbleSolitaire.vcxproj" (build target(s)).

Build succeeded.

Time Elapsed 00:00:07.32
